<?xml version="1.0" encoding="UTF-8"?>
<testsuite xmlns:xsi="http://www.w3.org/2001/XMLSchema-instance" xsi:noNamespaceSchemaLocation="https://maven.apache.org/surefire/maven-surefire-plugin/xsd/surefire-test-report.xsd" version="3.0.2" name="com.example.mediagenerator.service.GeminiServiceTest" time="0.675" tests="5" errors="1" skipped="0" failures="1">
  <properties>
    <property name="java.specification.version" value="21"/>
    <property name="sun.jnu.encoding" value="UTF-8"/>
    <property name="java.class.path" value="/app/target/test-classes:/app/target/classes:/home/jules/.m2/repository/org/springframework/boot/spring-boot-starter-data-jpa/3.5.3/spring-boot-starter-data-jpa-3.5.3.jar:/home/jules/.m2/repository/org/springframework/boot/spring-boot-starter/3.5.3/spring-boot-starter-3.5.3.jar:/home/jules/.m2/repository/org/springframework/boot/spring-boot-starter-logging/3.5.3/spring-boot-starter-logging-3.5.3.jar:/home/jules/.m2/repository/ch/qos/logback/logback-classic/1.5.18/logback-classic-1.5.18.jar:/home/jules/.m2/repository/ch/qos/logback/logback-core/1.5.18/logback-core-1.5.18.jar:/home/jules/.m2/repository/org/apache/logging/log4j/log4j-to-slf4j/2.24.3/log4j-to-slf4j-2.24.3.jar:/home/jules/.m2/repository/org/apache/logging/log4j/log4j-api/2.24.3/log4j-api-2.24.3.jar:/home/jules/.m2/repository/org/slf4j/jul-to-slf4j/2.0.17/jul-to-slf4j-2.0.17.jar:/home/jules/.m2/repository/jakarta/annotation/jakarta.annotation-api/2.1.1/jakarta.annotation-api-2.1.1.jar:/home/jules/.m2/repository/org/yaml/snakeyaml/2.4/snakeyaml-2.4.jar:/home/jules/.m2/repository/org/springframework/boot/spring-boot-starter-jdbc/3.5.3/spring-boot-starter-jdbc-3.5.3.jar:/home/jules/.m2/repository/com/zaxxer/HikariCP/6.3.0/HikariCP-6.3.0.jar:/home/jules/.m2/repository/org/springframework/spring-jdbc/6.2.8/spring-jdbc-6.2.8.jar:/home/jules/.m2/repository/org/hibernate/orm/hibernate-core/6.6.18.Final/hibernate-core-6.6.18.Final.jar:/home/jules/.m2/repository/jakarta/persistence/jakarta.persistence-api/3.1.0/jakarta.persistence-api-3.1.0.jar:/home/jules/.m2/repository/jakarta/transaction/jakarta.transaction-api/2.0.1/jakarta.transaction-api-2.0.1.jar:/home/jules/.m2/repository/org/jboss/logging/jboss-logging/3.6.1.Final/jboss-logging-3.6.1.Final.jar:/home/jules/.m2/repository/org/hibernate/common/hibernate-commons-annotations/7.0.3.Final/hibernate-commons-annotations-7.0.3.Final.jar:/home/jules/.m2/repository/io/smallrye/jandex/3.2.0/jandex-3.2.0.jar:/home/jules/.m2/repository/com/fasterxml/classmate/1.7.0/classmate-1.7.0.jar:/home/jules/.m2/repository/net/bytebuddy/byte-buddy/1.17.6/byte-buddy-1.17.6.jar:/home/jules/.m2/repository/org/glassfish/jaxb/jaxb-runtime/4.0.5/jaxb-runtime-4.0.5.jar:/home/jules/.m2/repository/org/glassfish/jaxb/jaxb-core/4.0.5/jaxb-core-4.0.5.jar:/home/jules/.m2/repository/org/eclipse/angus/angus-activation/2.0.2/angus-activation-2.0.2.jar:/home/jules/.m2/repository/org/glassfish/jaxb/txw2/4.0.5/txw2-4.0.5.jar:/home/jules/.m2/repository/com/sun/istack/istack-commons-runtime/4.1.2/istack-commons-runtime-4.1.2.jar:/home/jules/.m2/repository/jakarta/inject/jakarta.inject-api/2.0.1/jakarta.inject-api-2.0.1.jar:/home/jules/.m2/repository/org/antlr/antlr4-runtime/4.13.0/antlr4-runtime-4.13.0.jar:/home/jules/.m2/repository/org/springframework/data/spring-data-jpa/3.5.1/spring-data-jpa-3.5.1.jar:/home/jules/.m2/repository/org/springframework/data/spring-data-commons/3.5.1/spring-data-commons-3.5.1.jar:/home/jules/.m2/repository/org/springframework/spring-orm/6.2.8/spring-orm-6.2.8.jar:/home/jules/.m2/repository/org/springframework/spring-context/6.2.8/spring-context-6.2.8.jar:/home/jules/.m2/repository/org/springframework/spring-aop/6.2.8/spring-aop-6.2.8.jar:/home/jules/.m2/repository/org/springframework/spring-tx/6.2.8/spring-tx-6.2.8.jar:/home/jules/.m2/repository/org/springframework/spring-beans/6.2.8/spring-beans-6.2.8.jar:/home/jules/.m2/repository/org/slf4j/slf4j-api/2.0.17/slf4j-api-2.0.17.jar:/home/jules/.m2/repository/org/springframework/spring-aspects/6.2.8/spring-aspects-6.2.8.jar:/home/jules/.m2/repository/org/aspectj/aspectjweaver/1.9.24/aspectjweaver-1.9.24.jar:/home/jules/.m2/repository/org/springframework/boot/spring-boot-starter-thymeleaf/3.5.3/spring-boot-starter-thymeleaf-3.5.3.jar:/home/jules/.m2/repository/org/thymeleaf/thymeleaf-spring6/3.1.3.RELEASE/thymeleaf-spring6-3.1.3.RELEASE.jar:/home/jules/.m2/repository/org/thymeleaf/thymeleaf/3.1.3.RELEASE/thymeleaf-3.1.3.RELEASE.jar:/home/jules/.m2/repository/org/attoparser/attoparser/2.0.7.RELEASE/attoparser-2.0.7.RELEASE.jar:/home/jules/.m2/repository/org/unbescape/unbescape/1.1.6.RELEASE/unbescape-1.1.6.RELEASE.jar:/home/jules/.m2/repository/org/springframework/boot/spring-boot-starter-web/3.5.3/spring-boot-starter-web-3.5.3.jar:/home/jules/.m2/repository/org/springframework/boot/spring-boot-starter-json/3.5.3/spring-boot-starter-json-3.5.3.jar:/home/jules/.m2/repository/com/fasterxml/jackson/module/jackson-module-parameter-names/2.19.1/jackson-module-parameter-names-2.19.1.jar:/home/jules/.m2/repository/org/springframework/boot/spring-boot-starter-tomcat/3.5.3/spring-boot-starter-tomcat-3.5.3.jar:/home/jules/.m2/repository/org/apache/tomcat/embed/tomcat-embed-core/10.1.42/tomcat-embed-core-10.1.42.jar:/home/jules/.m2/repository/org/apache/tomcat/embed/tomcat-embed-el/10.1.42/tomcat-embed-el-10.1.42.jar:/home/jules/.m2/repository/org/apache/tomcat/embed/tomcat-embed-websocket/10.1.42/tomcat-embed-websocket-10.1.42.jar:/home/jules/.m2/repository/org/springframework/spring-web/6.2.8/spring-web-6.2.8.jar:/home/jules/.m2/repository/io/micrometer/micrometer-observation/1.15.1/micrometer-observation-1.15.1.jar:/home/jules/.m2/repository/io/micrometer/micrometer-commons/1.15.1/micrometer-commons-1.15.1.jar:/home/jules/.m2/repository/org/springframework/spring-webmvc/6.2.8/spring-webmvc-6.2.8.jar:/home/jules/.m2/repository/org/springframework/spring-expression/6.2.8/spring-expression-6.2.8.jar:/home/jules/.m2/repository/org/springframework/boot/spring-boot-starter-webflux/3.5.3/spring-boot-starter-webflux-3.5.3.jar:/home/jules/.m2/repository/org/springframework/boot/spring-boot-starter-reactor-netty/3.5.3/spring-boot-starter-reactor-netty-3.5.3.jar:/home/jules/.m2/repository/io/projectreactor/netty/reactor-netty-http/1.2.7/reactor-netty-http-1.2.7.jar:/home/jules/.m2/repository/io/netty/netty-codec-http/4.1.122.Final/netty-codec-http-4.1.122.Final.jar:/home/jules/.m2/repository/io/netty/netty-common/4.1.122.Final/netty-common-4.1.122.Final.jar:/home/jules/.m2/repository/io/netty/netty-buffer/4.1.122.Final/netty-buffer-4.1.122.Final.jar:/home/jules/.m2/repository/io/netty/netty-transport/4.1.122.Final/netty-transport-4.1.122.Final.jar:/home/jules/.m2/repository/io/netty/netty-codec/4.1.122.Final/netty-codec-4.1.122.Final.jar:/home/jules/.m2/repository/io/netty/netty-handler/4.1.122.Final/netty-handler-4.1.122.Final.jar:/home/jules/.m2/repository/io/netty/netty-codec-http2/4.1.122.Final/netty-codec-http2-4.1.122.Final.jar:/home/jules/.m2/repository/io/netty/netty-resolver-dns/4.1.122.Final/netty-resolver-dns-4.1.122.Final.jar:/home/jules/.m2/repository/io/netty/netty-resolver/4.1.122.Final/netty-resolver-4.1.122.Final.jar:/home/jules/.m2/repository/io/netty/netty-codec-dns/4.1.122.Final/netty-codec-dns-4.1.122.Final.jar:/home/jules/.m2/repository/io/netty/netty-resolver-dns-native-macos/4.1.122.Final/netty-resolver-dns-native-macos-4.1.122.Final-osx-x86_64.jar:/home/jules/.m2/repository/io/netty/netty-resolver-dns-classes-macos/4.1.122.Final/netty-resolver-dns-classes-macos-4.1.122.Final.jar:/home/jules/.m2/repository/io/netty/netty-transport-native-epoll/4.1.122.Final/netty-transport-native-epoll-4.1.122.Final-linux-x86_64.jar:/home/jules/.m2/repository/io/netty/netty-transport-native-unix-common/4.1.122.Final/netty-transport-native-unix-common-4.1.122.Final.jar:/home/jules/.m2/repository/io/netty/netty-transport-classes-epoll/4.1.122.Final/netty-transport-classes-epoll-4.1.122.Final.jar:/home/jules/.m2/repository/io/projectreactor/netty/reactor-netty-core/1.2.7/reactor-netty-core-1.2.7.jar:/home/jules/.m2/repository/io/netty/netty-handler-proxy/4.1.122.Final/netty-handler-proxy-4.1.122.Final.jar:/home/jules/.m2/repository/io/netty/netty-codec-socks/4.1.122.Final/netty-codec-socks-4.1.122.Final.jar:/home/jules/.m2/repository/org/springframework/spring-webflux/6.2.8/spring-webflux-6.2.8.jar:/home/jules/.m2/repository/org/springframework/boot/spring-boot-devtools/3.5.3/spring-boot-devtools-3.5.3.jar:/home/jules/.m2/repository/org/springframework/boot/spring-boot/3.5.3/spring-boot-3.5.3.jar:/home/jules/.m2/repository/org/springframework/boot/spring-boot-autoconfigure/3.5.3/spring-boot-autoconfigure-3.5.3.jar:/home/jules/.m2/repository/com/h2database/h2/2.3.232/h2-2.3.232.jar:/home/jules/.m2/repository/org/projectlombok/lombok/1.18.38/lombok-1.18.38.jar:/home/jules/.m2/repository/org/springframework/boot/spring-boot-starter-test/3.5.3/spring-boot-starter-test-3.5.3.jar:/home/jules/.m2/repository/org/springframework/boot/spring-boot-test/3.5.3/spring-boot-test-3.5.3.jar:/home/jules/.m2/repository/org/springframework/boot/spring-boot-test-autoconfigure/3.5.3/spring-boot-test-autoconfigure-3.5.3.jar:/home/jules/.m2/repository/com/jayway/jsonpath/json-path/2.9.0/json-path-2.9.0.jar:/home/jules/.m2/repository/jakarta/xml/bind/jakarta.xml.bind-api/4.0.2/jakarta.xml.bind-api-4.0.2.jar:/home/jules/.m2/repository/jakarta/activation/jakarta.activation-api/2.1.3/jakarta.activation-api-2.1.3.jar:/home/jules/.m2/repository/net/minidev/json-smart/2.5.2/json-smart-2.5.2.jar:/home/jules/.m2/repository/net/minidev/accessors-smart/2.5.2/accessors-smart-2.5.2.jar:/home/jules/.m2/repository/org/ow2/asm/asm/9.7.1/asm-9.7.1.jar:/home/jules/.m2/repository/org/assertj/assertj-core/3.27.3/assertj-core-3.27.3.jar:/home/jules/.m2/repository/org/awaitility/awaitility/4.2.2/awaitility-4.2.2.jar:/home/jules/.m2/repository/org/hamcrest/hamcrest/3.0/hamcrest-3.0.jar:/home/jules/.m2/repository/org/junit/jupiter/junit-jupiter/5.12.2/junit-jupiter-5.12.2.jar:/home/jules/.m2/repository/org/junit/jupiter/junit-jupiter-api/5.12.2/junit-jupiter-api-5.12.2.jar:/home/jules/.m2/repository/org/opentest4j/opentest4j/1.3.0/opentest4j-1.3.0.jar:/home/jules/.m2/repository/org/junit/platform/junit-platform-commons/1.12.2/junit-platform-commons-1.12.2.jar:/home/jules/.m2/repository/org/apiguardian/apiguardian-api/1.1.2/apiguardian-api-1.1.2.jar:/home/jules/.m2/repository/org/junit/jupiter/junit-jupiter-params/5.12.2/junit-jupiter-params-5.12.2.jar:/home/jules/.m2/repository/org/junit/jupiter/junit-jupiter-engine/5.12.2/junit-jupiter-engine-5.12.2.jar:/home/jules/.m2/repository/org/junit/platform/junit-platform-engine/1.12.2/junit-platform-engine-1.12.2.jar:/home/jules/.m2/repository/org/mockito/mockito-core/5.17.0/mockito-core-5.17.0.jar:/home/jules/.m2/repository/net/bytebuddy/byte-buddy-agent/1.17.6/byte-buddy-agent-1.17.6.jar:/home/jules/.m2/repository/org/objenesis/objenesis/3.3/objenesis-3.3.jar:/home/jules/.m2/repository/org/mockito/mockito-junit-jupiter/5.17.0/mockito-junit-jupiter-5.17.0.jar:/home/jules/.m2/repository/org/skyscreamer/jsonassert/1.5.3/jsonassert-1.5.3.jar:/home/jules/.m2/repository/com/vaadin/external/google/android-json/0.0.20131108.vaadin1/android-json-0.0.20131108.vaadin1.jar:/home/jules/.m2/repository/org/springframework/spring-core/6.2.8/spring-core-6.2.8.jar:/home/jules/.m2/repository/org/springframework/spring-jcl/6.2.8/spring-jcl-6.2.8.jar:/home/jules/.m2/repository/org/springframework/spring-test/6.2.8/spring-test-6.2.8.jar:/home/jules/.m2/repository/org/xmlunit/xmlunit-core/2.10.2/xmlunit-core-2.10.2.jar:/home/jules/.m2/repository/com/google/genai/google-genai/1.7.0/google-genai-1.7.0.jar:/home/jules/.m2/repository/com/google/auth/google-auth-library-oauth2-http/1.33.0/google-auth-library-oauth2-http-1.33.0.jar:/home/jules/.m2/repository/com/google/auto/value/auto-value-annotations/1.11.0/auto-value-annotations-1.11.0.jar:/home/jules/.m2/repository/com/google/code/findbugs/jsr305/3.0.2/jsr305-3.0.2.jar:/home/jules/.m2/repository/com/google/auth/google-auth-library-credentials/1.33.0/google-auth-library-credentials-1.33.0.jar:/home/jules/.m2/repository/com/google/http-client/google-http-client/1.46.2/google-http-client-1.46.2.jar:/home/jules/.m2/repository/io/grpc/grpc-context/1.70.0/grpc-context-1.70.0.jar:/home/jules/.m2/repository/io/grpc/grpc-api/1.70.0/grpc-api-1.70.0.jar:/home/jules/.m2/repository/io/opencensus/opencensus-api/0.31.1/opencensus-api-0.31.1.jar:/home/jules/.m2/repository/io/opencensus/opencensus-contrib-http-util/0.31.1/opencensus-contrib-http-util-0.31.1.jar:/home/jules/.m2/repository/com/google/http-client/google-http-client-gson/1.46.2/google-http-client-gson-1.46.2.jar:/home/jules/.m2/repository/com/google/guava/guava/33.4.0-android/guava-33.4.0-android.jar:/home/jules/.m2/repository/com/google/guava/failureaccess/1.0.2/failureaccess-1.0.2.jar:/home/jules/.m2/repository/com/google/guava/listenablefuture/9999.0-empty-to-avoid-conflict-with-guava/listenablefuture-9999.0-empty-to-avoid-conflict-with-guava.jar:/home/jules/.m2/repository/org/checkerframework/checker-qual/3.43.0/checker-qual-3.43.0.jar:/home/jules/.m2/repository/com/google/errorprone/error_prone_annotations/2.36.0/error_prone_annotations-2.36.0.jar:/home/jules/.m2/repository/com/google/code/gson/gson/2.13.1/gson-2.13.1.jar:/home/jules/.m2/repository/org/apache/httpcomponents/httpclient/4.5.14/httpclient-4.5.14.jar:/home/jules/.m2/repository/commons-logging/commons-logging/1.2/commons-logging-1.2.jar:/home/jules/.m2/repository/commons-codec/commons-codec/1.18.0/commons-codec-1.18.0.jar:/home/jules/.m2/repository/org/apache/httpcomponents/httpcore/4.4.16/httpcore-4.4.16.jar:/home/jules/.m2/repository/com/google/auto/value/auto-value/1.11.0/auto-value-1.11.0.jar:/home/jules/.m2/repository/com/google/api/api-common/2.47.0/api-common-2.47.0.jar:/home/jules/.m2/repository/javax/annotation/javax.annotation-api/1.3.2/javax.annotation-api-1.3.2.jar:/home/jules/.m2/repository/com/google/j2objc/j2objc-annotations/3.0.0/j2objc-annotations-3.0.0.jar:/home/jules/.m2/repository/com/fasterxml/jackson/core/jackson-databind/2.19.1/jackson-databind-2.19.1.jar:/home/jules/.m2/repository/com/fasterxml/jackson/core/jackson-annotations/2.19.1/jackson-annotations-2.19.1.jar:/home/jules/.m2/repository/com/fasterxml/jackson/core/jackson-core/2.19.1/jackson-core-2.19.1.jar:/home/jules/.m2/repository/com/fasterxml/jackson/datatype/jackson-datatype-jdk8/2.19.1/jackson-datatype-jdk8-2.19.1.jar:/home/jules/.m2/repository/com/fasterxml/jackson/datatype/jackson-datatype-jsr310/2.19.1/jackson-datatype-jsr310-2.19.1.jar:/home/jules/.m2/repository/org/java-websocket/Java-WebSocket/1.6.0/Java-WebSocket-1.6.0.jar:/home/jules/.m2/repository/org/jspecify/jspecify/1.0.0/jspecify-1.0.0.jar:/home/jules/.m2/repository/io/projectreactor/reactor-test/3.7.7/reactor-test-3.7.7.jar:/home/jules/.m2/repository/io/projectreactor/reactor-core/3.7.7/reactor-core-3.7.7.jar:/home/jules/.m2/repository/org/reactivestreams/reactive-streams/1.0.4/reactive-streams-1.0.4.jar:"/>
    <property name="java.vm.vendor" value="Ubuntu"/>
    <property name="sun.arch.data.model" value="64"/>
    <property name="java.vendor.url" value="https://ubuntu.com/"/>
    <property name="user.timezone" value="Etc/UTC"/>
    <property name="org.jboss.logging.provider" value="slf4j"/>
    <property name="os.name" value="Linux"/>
    <property name="java.vm.specification.version" value="21"/>
    <property name="APPLICATION_NAME" value="media-generator"/>
    <property name="sun.java.launcher" value="SUN_STANDARD"/>
    <property name="sun.boot.library.path" value="/usr/lib/jvm/java-21-openjdk-amd64/lib"/>
    <property name="sun.java.command" value="/app/target/surefire/surefirebooter-20250709174409143_3.jar /app/target/surefire 2025-07-09T17-44-09_000-jvmRun1 surefire-20250709174409143_1tmp surefire_0-20250709174409143_2tmp"/>
    <property name="jdk.debug" value="release"/>
    <property name="surefire.test.class.path" value="/app/target/test-classes:/app/target/classes:/home/jules/.m2/repository/org/springframework/boot/spring-boot-starter-data-jpa/3.5.3/spring-boot-starter-data-jpa-3.5.3.jar:/home/jules/.m2/repository/org/springframework/boot/spring-boot-starter/3.5.3/spring-boot-starter-3.5.3.jar:/home/jules/.m2/repository/org/springframework/boot/spring-boot-starter-logging/3.5.3/spring-boot-starter-logging-3.5.3.jar:/home/jules/.m2/repository/ch/qos/logback/logback-classic/1.5.18/logback-classic-1.5.18.jar:/home/jules/.m2/repository/ch/qos/logback/logback-core/1.5.18/logback-core-1.5.18.jar:/home/jules/.m2/repository/org/apache/logging/log4j/log4j-to-slf4j/2.24.3/log4j-to-slf4j-2.24.3.jar:/home/jules/.m2/repository/org/apache/logging/log4j/log4j-api/2.24.3/log4j-api-2.24.3.jar:/home/jules/.m2/repository/org/slf4j/jul-to-slf4j/2.0.17/jul-to-slf4j-2.0.17.jar:/home/jules/.m2/repository/jakarta/annotation/jakarta.annotation-api/2.1.1/jakarta.annotation-api-2.1.1.jar:/home/jules/.m2/repository/org/yaml/snakeyaml/2.4/snakeyaml-2.4.jar:/home/jules/.m2/repository/org/springframework/boot/spring-boot-starter-jdbc/3.5.3/spring-boot-starter-jdbc-3.5.3.jar:/home/jules/.m2/repository/com/zaxxer/HikariCP/6.3.0/HikariCP-6.3.0.jar:/home/jules/.m2/repository/org/springframework/spring-jdbc/6.2.8/spring-jdbc-6.2.8.jar:/home/jules/.m2/repository/org/hibernate/orm/hibernate-core/6.6.18.Final/hibernate-core-6.6.18.Final.jar:/home/jules/.m2/repository/jakarta/persistence/jakarta.persistence-api/3.1.0/jakarta.persistence-api-3.1.0.jar:/home/jules/.m2/repository/jakarta/transaction/jakarta.transaction-api/2.0.1/jakarta.transaction-api-2.0.1.jar:/home/jules/.m2/repository/org/jboss/logging/jboss-logging/3.6.1.Final/jboss-logging-3.6.1.Final.jar:/home/jules/.m2/repository/org/hibernate/common/hibernate-commons-annotations/7.0.3.Final/hibernate-commons-annotations-7.0.3.Final.jar:/home/jules/.m2/repository/io/smallrye/jandex/3.2.0/jandex-3.2.0.jar:/home/jules/.m2/repository/com/fasterxml/classmate/1.7.0/classmate-1.7.0.jar:/home/jules/.m2/repository/net/bytebuddy/byte-buddy/1.17.6/byte-buddy-1.17.6.jar:/home/jules/.m2/repository/org/glassfish/jaxb/jaxb-runtime/4.0.5/jaxb-runtime-4.0.5.jar:/home/jules/.m2/repository/org/glassfish/jaxb/jaxb-core/4.0.5/jaxb-core-4.0.5.jar:/home/jules/.m2/repository/org/eclipse/angus/angus-activation/2.0.2/angus-activation-2.0.2.jar:/home/jules/.m2/repository/org/glassfish/jaxb/txw2/4.0.5/txw2-4.0.5.jar:/home/jules/.m2/repository/com/sun/istack/istack-commons-runtime/4.1.2/istack-commons-runtime-4.1.2.jar:/home/jules/.m2/repository/jakarta/inject/jakarta.inject-api/2.0.1/jakarta.inject-api-2.0.1.jar:/home/jules/.m2/repository/org/antlr/antlr4-runtime/4.13.0/antlr4-runtime-4.13.0.jar:/home/jules/.m2/repository/org/springframework/data/spring-data-jpa/3.5.1/spring-data-jpa-3.5.1.jar:/home/jules/.m2/repository/org/springframework/data/spring-data-commons/3.5.1/spring-data-commons-3.5.1.jar:/home/jules/.m2/repository/org/springframework/spring-orm/6.2.8/spring-orm-6.2.8.jar:/home/jules/.m2/repository/org/springframework/spring-context/6.2.8/spring-context-6.2.8.jar:/home/jules/.m2/repository/org/springframework/spring-aop/6.2.8/spring-aop-6.2.8.jar:/home/jules/.m2/repository/org/springframework/spring-tx/6.2.8/spring-tx-6.2.8.jar:/home/jules/.m2/repository/org/springframework/spring-beans/6.2.8/spring-beans-6.2.8.jar:/home/jules/.m2/repository/org/slf4j/slf4j-api/2.0.17/slf4j-api-2.0.17.jar:/home/jules/.m2/repository/org/springframework/spring-aspects/6.2.8/spring-aspects-6.2.8.jar:/home/jules/.m2/repository/org/aspectj/aspectjweaver/1.9.24/aspectjweaver-1.9.24.jar:/home/jules/.m2/repository/org/springframework/boot/spring-boot-starter-thymeleaf/3.5.3/spring-boot-starter-thymeleaf-3.5.3.jar:/home/jules/.m2/repository/org/thymeleaf/thymeleaf-spring6/3.1.3.RELEASE/thymeleaf-spring6-3.1.3.RELEASE.jar:/home/jules/.m2/repository/org/thymeleaf/thymeleaf/3.1.3.RELEASE/thymeleaf-3.1.3.RELEASE.jar:/home/jules/.m2/repository/org/attoparser/attoparser/2.0.7.RELEASE/attoparser-2.0.7.RELEASE.jar:/home/jules/.m2/repository/org/unbescape/unbescape/1.1.6.RELEASE/unbescape-1.1.6.RELEASE.jar:/home/jules/.m2/repository/org/springframework/boot/spring-boot-starter-web/3.5.3/spring-boot-starter-web-3.5.3.jar:/home/jules/.m2/repository/org/springframework/boot/spring-boot-starter-json/3.5.3/spring-boot-starter-json-3.5.3.jar:/home/jules/.m2/repository/com/fasterxml/jackson/module/jackson-module-parameter-names/2.19.1/jackson-module-parameter-names-2.19.1.jar:/home/jules/.m2/repository/org/springframework/boot/spring-boot-starter-tomcat/3.5.3/spring-boot-starter-tomcat-3.5.3.jar:/home/jules/.m2/repository/org/apache/tomcat/embed/tomcat-embed-core/10.1.42/tomcat-embed-core-10.1.42.jar:/home/jules/.m2/repository/org/apache/tomcat/embed/tomcat-embed-el/10.1.42/tomcat-embed-el-10.1.42.jar:/home/jules/.m2/repository/org/apache/tomcat/embed/tomcat-embed-websocket/10.1.42/tomcat-embed-websocket-10.1.42.jar:/home/jules/.m2/repository/org/springframework/spring-web/6.2.8/spring-web-6.2.8.jar:/home/jules/.m2/repository/io/micrometer/micrometer-observation/1.15.1/micrometer-observation-1.15.1.jar:/home/jules/.m2/repository/io/micrometer/micrometer-commons/1.15.1/micrometer-commons-1.15.1.jar:/home/jules/.m2/repository/org/springframework/spring-webmvc/6.2.8/spring-webmvc-6.2.8.jar:/home/jules/.m2/repository/org/springframework/spring-expression/6.2.8/spring-expression-6.2.8.jar:/home/jules/.m2/repository/org/springframework/boot/spring-boot-starter-webflux/3.5.3/spring-boot-starter-webflux-3.5.3.jar:/home/jules/.m2/repository/org/springframework/boot/spring-boot-starter-reactor-netty/3.5.3/spring-boot-starter-reactor-netty-3.5.3.jar:/home/jules/.m2/repository/io/projectreactor/netty/reactor-netty-http/1.2.7/reactor-netty-http-1.2.7.jar:/home/jules/.m2/repository/io/netty/netty-codec-http/4.1.122.Final/netty-codec-http-4.1.122.Final.jar:/home/jules/.m2/repository/io/netty/netty-common/4.1.122.Final/netty-common-4.1.122.Final.jar:/home/jules/.m2/repository/io/netty/netty-buffer/4.1.122.Final/netty-buffer-4.1.122.Final.jar:/home/jules/.m2/repository/io/netty/netty-transport/4.1.122.Final/netty-transport-4.1.122.Final.jar:/home/jules/.m2/repository/io/netty/netty-codec/4.1.122.Final/netty-codec-4.1.122.Final.jar:/home/jules/.m2/repository/io/netty/netty-handler/4.1.122.Final/netty-handler-4.1.122.Final.jar:/home/jules/.m2/repository/io/netty/netty-codec-http2/4.1.122.Final/netty-codec-http2-4.1.122.Final.jar:/home/jules/.m2/repository/io/netty/netty-resolver-dns/4.1.122.Final/netty-resolver-dns-4.1.122.Final.jar:/home/jules/.m2/repository/io/netty/netty-resolver/4.1.122.Final/netty-resolver-4.1.122.Final.jar:/home/jules/.m2/repository/io/netty/netty-codec-dns/4.1.122.Final/netty-codec-dns-4.1.122.Final.jar:/home/jules/.m2/repository/io/netty/netty-resolver-dns-native-macos/4.1.122.Final/netty-resolver-dns-native-macos-4.1.122.Final-osx-x86_64.jar:/home/jules/.m2/repository/io/netty/netty-resolver-dns-classes-macos/4.1.122.Final/netty-resolver-dns-classes-macos-4.1.122.Final.jar:/home/jules/.m2/repository/io/netty/netty-transport-native-epoll/4.1.122.Final/netty-transport-native-epoll-4.1.122.Final-linux-x86_64.jar:/home/jules/.m2/repository/io/netty/netty-transport-native-unix-common/4.1.122.Final/netty-transport-native-unix-common-4.1.122.Final.jar:/home/jules/.m2/repository/io/netty/netty-transport-classes-epoll/4.1.122.Final/netty-transport-classes-epoll-4.1.122.Final.jar:/home/jules/.m2/repository/io/projectreactor/netty/reactor-netty-core/1.2.7/reactor-netty-core-1.2.7.jar:/home/jules/.m2/repository/io/netty/netty-handler-proxy/4.1.122.Final/netty-handler-proxy-4.1.122.Final.jar:/home/jules/.m2/repository/io/netty/netty-codec-socks/4.1.122.Final/netty-codec-socks-4.1.122.Final.jar:/home/jules/.m2/repository/org/springframework/spring-webflux/6.2.8/spring-webflux-6.2.8.jar:/home/jules/.m2/repository/org/springframework/boot/spring-boot-devtools/3.5.3/spring-boot-devtools-3.5.3.jar:/home/jules/.m2/repository/org/springframework/boot/spring-boot/3.5.3/spring-boot-3.5.3.jar:/home/jules/.m2/repository/org/springframework/boot/spring-boot-autoconfigure/3.5.3/spring-boot-autoconfigure-3.5.3.jar:/home/jules/.m2/repository/com/h2database/h2/2.3.232/h2-2.3.232.jar:/home/jules/.m2/repository/org/projectlombok/lombok/1.18.38/lombok-1.18.38.jar:/home/jules/.m2/repository/org/springframework/boot/spring-boot-starter-test/3.5.3/spring-boot-starter-test-3.5.3.jar:/home/jules/.m2/repository/org/springframework/boot/spring-boot-test/3.5.3/spring-boot-test-3.5.3.jar:/home/jules/.m2/repository/org/springframework/boot/spring-boot-test-autoconfigure/3.5.3/spring-boot-test-autoconfigure-3.5.3.jar:/home/jules/.m2/repository/com/jayway/jsonpath/json-path/2.9.0/json-path-2.9.0.jar:/home/jules/.m2/repository/jakarta/xml/bind/jakarta.xml.bind-api/4.0.2/jakarta.xml.bind-api-4.0.2.jar:/home/jules/.m2/repository/jakarta/activation/jakarta.activation-api/2.1.3/jakarta.activation-api-2.1.3.jar:/home/jules/.m2/repository/net/minidev/json-smart/2.5.2/json-smart-2.5.2.jar:/home/jules/.m2/repository/net/minidev/accessors-smart/2.5.2/accessors-smart-2.5.2.jar:/home/jules/.m2/repository/org/ow2/asm/asm/9.7.1/asm-9.7.1.jar:/home/jules/.m2/repository/org/assertj/assertj-core/3.27.3/assertj-core-3.27.3.jar:/home/jules/.m2/repository/org/awaitility/awaitility/4.2.2/awaitility-4.2.2.jar:/home/jules/.m2/repository/org/hamcrest/hamcrest/3.0/hamcrest-3.0.jar:/home/jules/.m2/repository/org/junit/jupiter/junit-jupiter/5.12.2/junit-jupiter-5.12.2.jar:/home/jules/.m2/repository/org/junit/jupiter/junit-jupiter-api/5.12.2/junit-jupiter-api-5.12.2.jar:/home/jules/.m2/repository/org/opentest4j/opentest4j/1.3.0/opentest4j-1.3.0.jar:/home/jules/.m2/repository/org/junit/platform/junit-platform-commons/1.12.2/junit-platform-commons-1.12.2.jar:/home/jules/.m2/repository/org/apiguardian/apiguardian-api/1.1.2/apiguardian-api-1.1.2.jar:/home/jules/.m2/repository/org/junit/jupiter/junit-jupiter-params/5.12.2/junit-jupiter-params-5.12.2.jar:/home/jules/.m2/repository/org/junit/jupiter/junit-jupiter-engine/5.12.2/junit-jupiter-engine-5.12.2.jar:/home/jules/.m2/repository/org/junit/platform/junit-platform-engine/1.12.2/junit-platform-engine-1.12.2.jar:/home/jules/.m2/repository/org/mockito/mockito-core/5.17.0/mockito-core-5.17.0.jar:/home/jules/.m2/repository/net/bytebuddy/byte-buddy-agent/1.17.6/byte-buddy-agent-1.17.6.jar:/home/jules/.m2/repository/org/objenesis/objenesis/3.3/objenesis-3.3.jar:/home/jules/.m2/repository/org/mockito/mockito-junit-jupiter/5.17.0/mockito-junit-jupiter-5.17.0.jar:/home/jules/.m2/repository/org/skyscreamer/jsonassert/1.5.3/jsonassert-1.5.3.jar:/home/jules/.m2/repository/com/vaadin/external/google/android-json/0.0.20131108.vaadin1/android-json-0.0.20131108.vaadin1.jar:/home/jules/.m2/repository/org/springframework/spring-core/6.2.8/spring-core-6.2.8.jar:/home/jules/.m2/repository/org/springframework/spring-jcl/6.2.8/spring-jcl-6.2.8.jar:/home/jules/.m2/repository/org/springframework/spring-test/6.2.8/spring-test-6.2.8.jar:/home/jules/.m2/repository/org/xmlunit/xmlunit-core/2.10.2/xmlunit-core-2.10.2.jar:/home/jules/.m2/repository/com/google/genai/google-genai/1.7.0/google-genai-1.7.0.jar:/home/jules/.m2/repository/com/google/auth/google-auth-library-oauth2-http/1.33.0/google-auth-library-oauth2-http-1.33.0.jar:/home/jules/.m2/repository/com/google/auto/value/auto-value-annotations/1.11.0/auto-value-annotations-1.11.0.jar:/home/jules/.m2/repository/com/google/code/findbugs/jsr305/3.0.2/jsr305-3.0.2.jar:/home/jules/.m2/repository/com/google/auth/google-auth-library-credentials/1.33.0/google-auth-library-credentials-1.33.0.jar:/home/jules/.m2/repository/com/google/http-client/google-http-client/1.46.2/google-http-client-1.46.2.jar:/home/jules/.m2/repository/io/grpc/grpc-context/1.70.0/grpc-context-1.70.0.jar:/home/jules/.m2/repository/io/grpc/grpc-api/1.70.0/grpc-api-1.70.0.jar:/home/jules/.m2/repository/io/opencensus/opencensus-api/0.31.1/opencensus-api-0.31.1.jar:/home/jules/.m2/repository/io/opencensus/opencensus-contrib-http-util/0.31.1/opencensus-contrib-http-util-0.31.1.jar:/home/jules/.m2/repository/com/google/http-client/google-http-client-gson/1.46.2/google-http-client-gson-1.46.2.jar:/home/jules/.m2/repository/com/google/guava/guava/33.4.0-android/guava-33.4.0-android.jar:/home/jules/.m2/repository/com/google/guava/failureaccess/1.0.2/failureaccess-1.0.2.jar:/home/jules/.m2/repository/com/google/guava/listenablefuture/9999.0-empty-to-avoid-conflict-with-guava/listenablefuture-9999.0-empty-to-avoid-conflict-with-guava.jar:/home/jules/.m2/repository/org/checkerframework/checker-qual/3.43.0/checker-qual-3.43.0.jar:/home/jules/.m2/repository/com/google/errorprone/error_prone_annotations/2.36.0/error_prone_annotations-2.36.0.jar:/home/jules/.m2/repository/com/google/code/gson/gson/2.13.1/gson-2.13.1.jar:/home/jules/.m2/repository/org/apache/httpcomponents/httpclient/4.5.14/httpclient-4.5.14.jar:/home/jules/.m2/repository/commons-logging/commons-logging/1.2/commons-logging-1.2.jar:/home/jules/.m2/repository/commons-codec/commons-codec/1.18.0/commons-codec-1.18.0.jar:/home/jules/.m2/repository/org/apache/httpcomponents/httpcore/4.4.16/httpcore-4.4.16.jar:/home/jules/.m2/repository/com/google/auto/value/auto-value/1.11.0/auto-value-1.11.0.jar:/home/jules/.m2/repository/com/google/api/api-common/2.47.0/api-common-2.47.0.jar:/home/jules/.m2/repository/javax/annotation/javax.annotation-api/1.3.2/javax.annotation-api-1.3.2.jar:/home/jules/.m2/repository/com/google/j2objc/j2objc-annotations/3.0.0/j2objc-annotations-3.0.0.jar:/home/jules/.m2/repository/com/fasterxml/jackson/core/jackson-databind/2.19.1/jackson-databind-2.19.1.jar:/home/jules/.m2/repository/com/fasterxml/jackson/core/jackson-annotations/2.19.1/jackson-annotations-2.19.1.jar:/home/jules/.m2/repository/com/fasterxml/jackson/core/jackson-core/2.19.1/jackson-core-2.19.1.jar:/home/jules/.m2/repository/com/fasterxml/jackson/datatype/jackson-datatype-jdk8/2.19.1/jackson-datatype-jdk8-2.19.1.jar:/home/jules/.m2/repository/com/fasterxml/jackson/datatype/jackson-datatype-jsr310/2.19.1/jackson-datatype-jsr310-2.19.1.jar:/home/jules/.m2/repository/org/java-websocket/Java-WebSocket/1.6.0/Java-WebSocket-1.6.0.jar:/home/jules/.m2/repository/org/jspecify/jspecify/1.0.0/jspecify-1.0.0.jar:/home/jules/.m2/repository/io/projectreactor/reactor-test/3.7.7/reactor-test-3.7.7.jar:/home/jules/.m2/repository/io/projectreactor/reactor-core/3.7.7/reactor-core-3.7.7.jar:/home/jules/.m2/repository/org/reactivestreams/reactive-streams/1.0.4/reactive-streams-1.0.4.jar:"/>
    <property name="sun.cpu.endian" value="little"/>
    <property name="user.home" value="/home/jules"/>
    <property name="user.language" value="en"/>
    <property name="java.specification.vendor" value="Oracle Corporation"/>
    <property name="java.version.date" value="2025-04-15"/>
    <property name="java.home" value="/usr/lib/jvm/java-21-openjdk-amd64"/>
    <property name="file.separator" value="/"/>
    <property name="basedir" value="/app"/>
    <property name="java.vm.compressedOopsMode" value="32-bit"/>
    <property name="line.separator" value="&#10;"/>
    <property name="java.specification.name" value="Java Platform API Specification"/>
    <property name="java.vm.specification.vendor" value="Oracle Corporation"/>
    <property name="FILE_LOG_CHARSET" value="UTF-8"/>
    <property name="java.awt.headless" value="true"/>
    <property name="surefire.real.class.path" value="/app/target/surefire/surefirebooter-20250709174409143_3.jar"/>
    <property name="sun.management.compiler" value="HotSpot 64-Bit Tiered Compilers"/>
    <property name="java.runtime.version" value="21.0.7+6-Ubuntu-0ubuntu124.04"/>
    <property name="user.name" value="jules"/>
    <property name="stdout.encoding" value="UTF-8"/>
    <property name="path.separator" value=":"/>
    <property name="os.version" value="6.8.0"/>
    <property name="java.runtime.name" value="OpenJDK Runtime Environment"/>
    <property name="file.encoding" value="UTF-8"/>
    <property name="java.vm.name" value="OpenJDK 64-Bit Server VM"/>
    <property name="localRepository" value="/home/jules/.m2/repository"/>
    <property name="java.vendor.url.bug" value="https://bugs.launchpad.net/ubuntu/+source/openjdk-21"/>
    <property name="java.io.tmpdir" value="/tmp"/>
    <property name="com.zaxxer.hikari.pool_number" value="1"/>
    <property name="java.version" value="21.0.7"/>
    <property name="user.dir" value="/app"/>
    <property name="os.arch" value="amd64"/>
    <property name="java.vm.specification.name" value="Java Virtual Machine Specification"/>
    <property name="PID" value="11592"/>
    <property name="CONSOLE_LOG_CHARSET" value="UTF-8"/>
    <property name="native.encoding" value="UTF-8"/>
    <property name="java.library.path" value="/usr/java/packages/lib:/usr/lib/x86_64-linux-gnu/jni:/lib/x86_64-linux-gnu:/usr/lib/x86_64-linux-gnu:/usr/lib/jni:/lib:/usr/lib"/>
    <property name="stderr.encoding" value="UTF-8"/>
    <property name="java.vm.info" value="mixed mode, sharing"/>
    <property name="java.vendor" value="Ubuntu"/>
    <property name="java.vm.version" value="21.0.7+6-Ubuntu-0ubuntu124.04"/>
    <property name="sun.io.unicode.encoding" value="UnicodeLittle"/>
    <property name="java.class.version" value="65.0"/>
    <property name="LOGGED_APPLICATION_NAME" value="[media-generator] "/>
  </properties>
  <testcase name="generateFormattedPrompt_candidateBlockedBySafetyFilter" classname="com.example.mediagenerator.service.GeminiServiceTest" time="0.628">
    <failure message="expectation &quot;expectNext(Erreur: Contenu du candidat bloqué par les filtres de sécurité Gemini.)&quot; failed (expected value: Erreur: Contenu du candidat bloqué par les filtres de sécurité Gemini.; actual value: Erreur: Réponse vide ou malformée de Gemini.)" type="java.lang.AssertionError"><![CDATA[java.lang.AssertionError: expectation "expectNext(Erreur: Contenu du candidat bloqué par les filtres de sécurité Gemini.)" failed (expected value: Erreur: Contenu du candidat bloqué par les filtres de sécurité Gemini.; actual value: Erreur: Réponse vide ou malformée de Gemini.)
	at reactor.test.MessageFormatter.assertionError(MessageFormatter.java:115)
	at reactor.test.MessageFormatter.failPrefix(MessageFormatter.java:104)
	at reactor.test.MessageFormatter.fail(MessageFormatter.java:73)
	at reactor.test.MessageFormatter.failOptional(MessageFormatter.java:88)
	at reactor.test.DefaultStepVerifierBuilder.lambda$addExpectedValue$10(DefaultStepVerifierBuilder.java:512)
	at reactor.test.DefaultStepVerifierBuilder$SignalEvent.test(DefaultStepVerifierBuilder.java:2289)
	at reactor.test.DefaultStepVerifierBuilder$DefaultVerifySubscriber.onSignal(DefaultStepVerifierBuilder.java:1529)
	at reactor.test.DefaultStepVerifierBuilder$DefaultVerifySubscriber.onExpectation(DefaultStepVerifierBuilder.java:1477)
	at reactor.test.DefaultStepVerifierBuilder$DefaultVerifySubscriber.onNext(DefaultStepVerifierBuilder.java:1146)
	at reactor.core.publisher.FluxSubscribeOnCallable$CallableSubscribeOnSubscription.run(FluxSubscribeOnCallable.java:252)
	at reactor.core.scheduler.SchedulerTask.call(SchedulerTask.java:68)
	at reactor.core.scheduler.SchedulerTask.call(SchedulerTask.java:28)
	at java.base/java.util.concurrent.FutureTask.run(FutureTask.java:317)
	at java.base/java.util.concurrent.ScheduledThreadPoolExecutor$ScheduledFutureTask.run(ScheduledThreadPoolExecutor.java:304)
	at java.base/java.util.concurrent.ThreadPoolExecutor.runWorker(ThreadPoolExecutor.java:1144)
	at java.base/java.util.concurrent.ThreadPoolExecutor$Worker.run(ThreadPoolExecutor.java:642)
	at java.base/java.lang.Thread.run(Thread.java:1583)
]]></failure>
    <system-out><![CDATA[2025-07-09T17:44:17.553Z  INFO 11592 --- [media-generator] [           main] c.e.m.service.GeminiService              : Sending request to Gemini API model gemini-1.5-flash-latest for scenario excerpt: A controversial topic...
2025-07-09T17:44:17.593Z  WARN 11592 --- [media-generator] [oundedElastic-1] c.e.m.service.GeminiService              : Received empty or malformed response (or no text) from Gemini API model gemini-1.5-flash-latest.
]]></system-out>
  </testcase>
  <testcase name="generateFormattedPrompt_geminiApiError" classname="com.example.mediagenerator.service.GeminiServiceTest" time="0.016">
    <error message="&#10;Checked exception is invalid for this method!&#10;Invalid: java.io.IOException: Gemini network error" type="org.mockito.exceptions.base.MockitoException"><![CDATA[org.mockito.exceptions.base.MockitoException:

Checked exception is invalid for this method!
Invalid: java.io.IOException: Gemini network error
	at com.example.mediagenerator.service.GeminiServiceTest.generateFormattedPrompt_geminiApiError(GeminiServiceTest.java:107)
	at java.base/java.lang.reflect.Method.invoke(Method.java:580)
	at java.base/java.util.ArrayList.forEach(ArrayList.java:1596)
	at java.base/java.util.ArrayList.forEach(ArrayList.java:1596)
]]></error>
  </testcase>
  <testcase name="generateFormattedPrompt_success" classname="com.example.mediagenerator.service.GeminiServiceTest" time="0.01">
    <system-out><![CDATA[2025-07-09T17:44:17.625Z  INFO 11592 --- [media-generator] [           main] c.e.m.service.GeminiService              : Sending request to Gemini API model gemini-1.5-flash-latest for scenario excerpt: A cat flying in space...
2025-07-09T17:44:17.627Z  INFO 11592 --- [media-generator] [oundedElastic-1] c.e.m.service.GeminiService              : Successfully received response from Gemini API model gemini-1.5-flash-latest.
]]></system-out>
  </testcase>
  <testcase name="generateFormattedPrompt_emptyTextInResponse" classname="com.example.mediagenerator.service.GeminiServiceTest" time="0.008">
    <system-out><![CDATA[2025-07-09T17:44:17.633Z  INFO 11592 --- [media-generator] [           main] c.e.m.service.GeminiService              : Sending request to Gemini API model gemini-1.5-flash-latest for scenario excerpt: An elephant painting a masterpiece...
2025-07-09T17:44:17.636Z  WARN 11592 --- [media-generator] [oundedElastic-1] c.e.m.service.GeminiService              : Received empty or malformed response (or no text) from Gemini API model gemini-1.5-flash-latest.
]]></system-out>
  </testcase>
  <testcase name="generateFormattedPrompt_candidateWithNoContent" classname="com.example.mediagenerator.service.GeminiServiceTest" time="0.005">
    <system-out><![CDATA[2025-07-09T17:44:17.642Z  INFO 11592 --- [media-generator] [           main] c.e.m.service.GeminiService              : Sending request to Gemini API model gemini-1.5-flash-latest for scenario excerpt: A robot chef...
2025-07-09T17:44:17.643Z  WARN 11592 --- [media-generator] [oundedElastic-1] c.e.m.service.GeminiService              : Received empty or malformed response (or no text) from Gemini API model gemini-1.5-flash-latest.
]]></system-out>
  </testcase>
</testsuite>